<?xml version="1.0" encoding="UTF-8"?>
<!-- Generated by org.testng.reporters.JUnitReportReporter -->
<testsuite hostname="LAPTOP-JOSE" failures="0" tests="1" name="Prueba1.Pagina1" time="10.536" errors="0" timestamp="2024-09-30T17:58:44 PET" skipped="0">
  <testcase classname="Prueba1.Pagina1" name="Login" time="10.536"/>
</testsuite> <!-- Prueba1.Pagina1 -->
