<?xml version="1.0" encoding="UTF-8"?>
<!-- Generated by org.testng.reporters.JUnitReportReporter -->
<testsuite hostname="LAPTOP-JOSE" failures="0" tests="2" name="com.orangehrmlive.runner.TestRunner" time="17.449" errors="1" timestamp="2024-10-01T01:38:19 PET" skipped="0">
  <testcase classname="com.orangehrmlive.runner.TestRunner" name="runScenario" time="14.206"/>
  <testcase classname="com.orangehrmlive.runner.TestRunner" name="tearDownClass" time="3.243">
    <error message="Playwright connection closed" type="com.microsoft.playwright.PlaywrightException">
      <![CDATA[com.microsoft.playwright.PlaywrightException: Playwright connection closed
at com.microsoft.playwright.impl.PipeTransport.send(PipeTransport.java:50)
at com.microsoft.playwright.impl.Connection.internalSendMessage(Connection.java:141)
at com.microsoft.playwright.impl.Connection.sendMessageAsync(Connection.java:117)
at com.microsoft.playwright.impl.Connection.sendMessage(Connection.java:113)
at com.microsoft.playwright.impl.ChannelOwner.sendMessage(ChannelOwner.java:102)
at com.microsoft.playwright.impl.ChannelOwner.sendMessage(ChannelOwner.java:98)
at com.microsoft.playwright.impl.BrowserImpl.closeImpl(BrowserImpl.java:84)
at com.microsoft.playwright.impl.BrowserImpl.lambda$close$0(BrowserImpl.java:71)
at com.microsoft.playwright.impl.LoggingSupport.lambda$withLogging$0(LoggingSupport.java:36)
at com.microsoft.playwright.impl.LoggingSupport.withLogging(LoggingSupport.java:47)
at com.microsoft.playwright.impl.ChannelOwner.withLogging(ChannelOwner.java:87)
at com.microsoft.playwright.impl.LoggingSupport.withLogging(LoggingSupport.java:35)
at com.microsoft.playwright.impl.BrowserImpl.close(BrowserImpl.java:71)
at com.orangehrmlive.steps.LoginSteps.tearDown(LoginSteps.java:50)
]]>
    </error>
  </testcase> <!-- tearDownClass -->
</testsuite> <!-- com.orangehrmlive.runner.TestRunner -->
